{"numFailedTestSuites":1,"numFailedTests":0,"numPassedTestSuites":0,"numPassedTests":0,"numPendingTestSuites":0,"numPendingTests":0,"numRuntimeErrorTestSuites":1,"numTodoTests":0,"numTotalTestSuites":1,"numTotalTests":0,"openHandles":[],"snapshot":{"added":0,"didUpdate":false,"failure":false,"filesAdded":0,"filesRemoved":0,"filesRemovedList":[],"filesUnmatched":0,"filesUpdated":0,"matched":0,"total":0,"unchecked":0,"uncheckedKeysByFile":[],"unmatched":0,"updated":0},"startTime":1684099886182,"success":false,"testResults":[{"assertionResults":[],"coverage":{},"endTime":1684099887406,"message":"  \u001b[1m● \u001b[22mTest suite failed to run\n\n    \u001b[1m\u001b[31mJest encountered an unexpected token\u001b[39m\u001b[22m\n\n    Jest failed to parse a file. This happens e.g. when your code or its dependencies use non-standard JavaScript syntax, or when Jest is not configured to support such syntax.\n\n    Out of the box Jest supports Babel, which will be used to transform your files into valid JS based on your Babel configuration.\n\n    By default \"node_modules\" folder is ignored by transformers.\n\n    Here's what you can do:\n     • If you are trying to use ECMAScript Modules, see \u001b[4mhttps://jestjs.io/docs/ecmascript-modules\u001b[24m for how to enable it.\n     • If you are trying to use TypeScript, see \u001b[4mhttps://jestjs.io/docs/getting-started#using-typescript\u001b[24m\n     • To have some of your \"node_modules\" files transformed, you can specify a custom \u001b[1m\"transformIgnorePatterns\"\u001b[22m in your config.\n     • If you need a custom transformation specify a \u001b[1m\"transform\"\u001b[22m option in your config.\n     • If you simply want to mock your non-JS modules (e.g. binary assets) you can stub them out with the \u001b[1m\"moduleNameMapper\"\u001b[22m config option.\n\n    You'll find more details and examples of these config options in the docs:\n    \u001b[36mhttps://jestjs.io/docs/configuration\u001b[39m\n    For information about custom transformations, see:\n    \u001b[36mhttps://jestjs.io/docs/code-transformation\u001b[39m\n\n    \u001b[1m\u001b[31mDetails:\u001b[39m\u001b[22m\n\n    /Users/sahil/work/workspace/lightbeam/workspace/crypto-price-board/node_modules/axios/index.js:1\n    ({\"Object.<anonymous>\":function(module,exports,require,__dirname,__filename,jest){import axios from './lib/axios.js';\n                                                                                      ^^^^^^\n\n    SyntaxError: Cannot use import statement outside a module\n\n    \u001b[0m\u001b[31m\u001b[1m>\u001b[22m\u001b[39m\u001b[90m 1 |\u001b[39m \u001b[36mimport\u001b[39m axios \u001b[36mfrom\u001b[39m \u001b[32m'axios'\u001b[39m\u001b[0m\n    \u001b[0m \u001b[90m   |\u001b[39m \u001b[31m\u001b[1m^\u001b[22m\u001b[39m\u001b[0m\n    \u001b[0m \u001b[90m 2 |\u001b[39m \u001b[36mimport\u001b[39m { \u001b[33mAPI_URL\u001b[39m } \u001b[36mfrom\u001b[39m \u001b[32m'../utils/constant'\u001b[39m\u001b[0m\n    \u001b[0m \u001b[90m 3 |\u001b[39m\u001b[0m\n    \u001b[0m \u001b[90m 4 |\u001b[39m \u001b[36mconst\u001b[39m \u001b[33mAxiosInstance\u001b[39m \u001b[33m=\u001b[39m axios\u001b[33m.\u001b[39mcreate({\u001b[0m\n\n      \u001b[2mat Runtime.createScriptFromCode (\u001b[22mnode_modules/jest-runtime/build/index.js\u001b[2m:1728:14)\u001b[22m\n      \u001b[2mat Object.<anonymous> (\u001b[22msrc/api/axiosInstance.ts\u001b[2m:1:1)\u001b[22m\n      \u001b[2mat Object.<anonymous> (\u001b[22msrc/api/coins.api.ts\u001b[2m:2:1)\u001b[22m\n      \u001b[2mat Object.<anonymous> (\u001b[22msrc/api/index.ts\u001b[2m:1:1)\u001b[22m\n      \u001b[2mat Object.<anonymous> (\u001b[22msrc/reedux/slices/coin.slice.ts\u001b[2m:3:1)\u001b[22m\n      \u001b[2mat Object.<anonymous> (\u001b[22msrc/app/store.ts\u001b[2m:2:1)\u001b[22m\n      \u001b[2mat Object.<anonymous> (\u001b[22m\u001b[0m\u001b[36msrc/App.test.tsx\u001b[39m\u001b[0m\u001b[2m:4:1)\u001b[22m\n      \u001b[2mat TestScheduler.scheduleTests (\u001b[22mnode_modules/@jest/core/build/TestScheduler.js\u001b[2m:333:13)\u001b[22m\n      \u001b[2mat runJest (\u001b[22mnode_modules/@jest/core/build/runJest.js\u001b[2m:404:19)\u001b[22m\n      \u001b[2mat _run10000 (\u001b[22mnode_modules/@jest/core/build/cli/index.js\u001b[2m:320:7)\u001b[22m\n      \u001b[2mat runCLI (\u001b[22mnode_modules/@jest/core/build/cli/index.js\u001b[2m:173:3)\u001b[22m\n","name":"/Users/sahil/work/workspace/lightbeam/workspace/crypto-price-board/src/App.test.tsx","startTime":1684099887406,"status":"failed","summary":""}],"wasInterrupted":false,"coverageMap":{"/Users/sahil/work/workspace/lightbeam/workspace/crypto-price-board/src/index.tsx":{"path":"/Users/sahil/work/workspace/lightbeam/workspace/crypto-price-board/src/index.tsx","statementMap":{"0":{"start":{"line":10,"column":18},"end":{"line":10,"column":50}},"1":{"start":{"line":11,"column":13},"end":{"line":11,"column":34}},"2":{"start":{"line":13,"column":0},"end":{"line":19,"column":2}},"3":{"start":{"line":24,"column":0},"end":{"line":24,"column":18}}},"fnMap":{},"branchMap":{},"s":{"0":0,"1":0,"2":0,"3":0},"f":{},"b":{}},"/Users/sahil/work/workspace/lightbeam/workspace/crypto-price-board/src/utils/constant.ts":{"path":"/Users/sahil/work/workspace/lightbeam/workspace/crypto-price-board/src/utils/constant.ts","statementMap":{"0":{"start":{"line":2,"column":23},"end":{"line":2,"column":57}}},"fnMap":{},"branchMap":{},"s":{"0":0},"f":{},"b":{}},"/Users/sahil/work/workspace/lightbeam/workspace/crypto-price-board/src/reportWebVitals.ts":{"path":"/Users/sahil/work/workspace/lightbeam/workspace/crypto-price-board/src/reportWebVitals.ts","statementMap":{"0":{"start":{"line":3,"column":24},"end":{"line":13,"column":1}},"1":{"start":{"line":4,"column":2},"end":{"line":12,"column":3}},"2":{"start":{"line":5,"column":4},"end":{"line":11,"column":7}},"3":{"start":{"line":6,"column":6},"end":{"line":6,"column":26}},"4":{"start":{"line":7,"column":6},"end":{"line":7,"column":26}},"5":{"start":{"line":8,"column":6},"end":{"line":8,"column":26}},"6":{"start":{"line":9,"column":6},"end":{"line":9,"column":26}},"7":{"start":{"line":10,"column":6},"end":{"line":10,"column":27}}},"fnMap":{"0":{"name":"(anonymous_0)","decl":{"start":{"line":3,"column":24},"end":{"line":3,"column":25}},"loc":{"start":{"line":3,"column":57},"end":{"line":13,"column":1}},"line":3},"1":{"name":"(anonymous_1)","decl":{"start":{"line":5,"column":30},"end":{"line":5,"column":31}},"loc":{"start":{"line":5,"column":79},"end":{"line":11,"column":5}},"line":5}},"branchMap":{"0":{"loc":{"start":{"line":4,"column":2},"end":{"line":12,"column":3}},"type":"if","locations":[{"start":{"line":4,"column":2},"end":{"line":12,"column":3}},{"start":{},"end":{}}],"line":4},"1":{"loc":{"start":{"line":4,"column":6},"end":{"line":4,"column":52}},"type":"binary-expr","locations":[{"start":{"line":4,"column":6},"end":{"line":4,"column":17}},{"start":{"line":4,"column":21},"end":{"line":4,"column":52}}],"line":4}},"s":{"0":0,"1":0,"2":0,"3":0,"4":0,"5":0,"6":0,"7":0},"f":{"0":0,"1":0},"b":{"0":[0,0],"1":[0,0]}},"/Users/sahil/work/workspace/lightbeam/workspace/crypto-price-board/src/reedux/slices/coin.slice.ts":{"path":"/Users/sahil/work/workspace/lightbeam/workspace/crypto-price-board/src/reedux/slices/coin.slice.ts","statementMap":{"0":{"start":{"line":20,"column":32},"end":{"line":26,"column":1}},"1":{"start":{"line":33,"column":31},"end":{"line":40,"column":1}},"2":{"start":{"line":36,"column":21},"end":{"line":36,"column":39}},"3":{"start":{"line":38,"column":4},"end":{"line":38,"column":39}},"4":{"start":{"line":42,"column":36},"end":{"line":50,"column":1}},"5":{"start":{"line":45,"column":21},"end":{"line":45,"column":46}},"6":{"start":{"line":47,"column":4},"end":{"line":47,"column":31}},"7":{"start":{"line":48,"column":4},"end":{"line":48,"column":25}},"8":{"start":{"line":52,"column":25},"end":{"line":87,"column":2}},"9":{"start":{"line":59,"column":6},"end":{"line":59,"column":42}},"10":{"start":{"line":65,"column":4},"end":{"line":85,"column":9}},"11":{"start":{"line":67,"column":8},"end":{"line":67,"column":29}},"12":{"start":{"line":70,"column":8},"end":{"line":70,"column":30}},"13":{"start":{"line":71,"column":8},"end":{"line":71,"column":37}},"14":{"start":{"line":74,"column":8},"end":{"line":74,"column":29}},"15":{"start":{"line":77,"column":8},"end":{"line":77,"column":29}},"16":{"start":{"line":80,"column":8},"end":{"line":80,"column":30}},"17":{"start":{"line":81,"column":8},"end":{"line":81,"column":42}},"18":{"start":{"line":84,"column":8},"end":{"line":84,"column":29}},"19":{"start":{"line":89,"column":30},"end":{"line":89,"column":47}},"20":{"start":{"line":94,"column":30},"end":{"line":94,"column":68}},"21":{"start":{"line":94,"column":52},"end":{"line":94,"column":68}},"22":{"start":{"line":95,"column":32},"end":{"line":95,"column":77}},"23":{"start":{"line":95,"column":54},"end":{"line":95,"column":77}},"24":{"start":{"line":96,"column":32},"end":{"line":96,"column":75}},"25":{"start":{"line":96,"column":54},"end":{"line":96,"column":75}}},"fnMap":{"0":{"name":"(anonymous_0)","decl":{"start":{"line":35,"column":2},"end":{"line":35,"column":3}},"loc":{"start":{"line":35,"column":14},"end":{"line":39,"column":3}},"line":35},"1":{"name":"(anonymous_1)","decl":{"start":{"line":44,"column":2},"end":{"line":44,"column":3}},"loc":{"start":{"line":44,"column":24},"end":{"line":49,"column":3}},"line":44},"2":{"name":"(anonymous_2)","decl":{"start":{"line":58,"column":16},"end":{"line":58,"column":17}},"loc":{"start":{"line":58,"column":56},"end":{"line":60,"column":5}},"line":58},"3":{"name":"(anonymous_3)","decl":{"start":{"line":64,"column":17},"end":{"line":64,"column":18}},"loc":{"start":{"line":64,"column":30},"end":{"line":86,"column":3}},"line":64},"4":{"name":"(anonymous_4)","decl":{"start":{"line":66,"column":40},"end":{"line":66,"column":41}},"loc":{"start":{"line":66,"column":51},"end":{"line":68,"column":7}},"line":66},"5":{"name":"(anonymous_5)","decl":{"start":{"line":69,"column":42},"end":{"line":69,"column":43}},"loc":{"start":{"line":69,"column":61},"end":{"line":72,"column":7}},"line":69},"6":{"name":"(anonymous_6)","decl":{"start":{"line":73,"column":41},"end":{"line":73,"column":42}},"loc":{"start":{"line":73,"column":52},"end":{"line":75,"column":7}},"line":73},"7":{"name":"(anonymous_7)","decl":{"start":{"line":76,"column":45},"end":{"line":76,"column":46}},"loc":{"start":{"line":76,"column":56},"end":{"line":78,"column":7}},"line":76},"8":{"name":"(anonymous_8)","decl":{"start":{"line":79,"column":47},"end":{"line":79,"column":48}},"loc":{"start":{"line":79,"column":66},"end":{"line":82,"column":7}},"line":79},"9":{"name":"(anonymous_9)","decl":{"start":{"line":83,"column":46},"end":{"line":83,"column":47}},"loc":{"start":{"line":83,"column":57},"end":{"line":85,"column":7}},"line":83},"10":{"name":"(anonymous_10)","decl":{"start":{"line":94,"column":30},"end":{"line":94,"column":31}},"loc":{"start":{"line":94,"column":52},"end":{"line":94,"column":68}},"line":94},"11":{"name":"(anonymous_11)","decl":{"start":{"line":95,"column":32},"end":{"line":95,"column":33}},"loc":{"start":{"line":95,"column":54},"end":{"line":95,"column":77}},"line":95},"12":{"name":"(anonymous_12)","decl":{"start":{"line":96,"column":32},"end":{"line":96,"column":33}},"loc":{"start":{"line":96,"column":54},"end":{"line":96,"column":75}},"line":96}},"branchMap":{},"s":{"0":0,"1":0,"2":0,"3":0,"4":0,"5":0,"6":0,"7":0,"8":0,"9":0,"10":0,"11":0,"12":0,"13":0,"14":0,"15":0,"16":0,"17":0,"18":0,"19":0,"20":0,"21":0,"22":0,"23":0,"24":0,"25":0},"f":{"0":0,"1":0,"2":0,"3":0,"4":0,"5":0,"6":0,"7":0,"8":0,"9":0,"10":0,"11":0,"12":0},"b":{}},"/Users/sahil/work/workspace/lightbeam/workspace/crypto-price-board/src/components/index.ts":{"path":"/Users/sahil/work/workspace/lightbeam/workspace/crypto-price-board/src/components/index.ts","statementMap":{},"fnMap":{},"branchMap":{},"s":{},"f":{},"b":{}},"/Users/sahil/work/workspace/lightbeam/workspace/crypto-price-board/src/theme/light.ts":{"path":"/Users/sahil/work/workspace/lightbeam/workspace/crypto-price-board/src/theme/light.ts","statementMap":{"0":{"start":{"line":1,"column":26},"end":{"line":18,"column":1}}},"fnMap":{},"branchMap":{},"s":{"0":0},"f":{},"b":{}},"/Users/sahil/work/workspace/lightbeam/workspace/crypto-price-board/src/api/axiosInstance.ts":{"path":"/Users/sahil/work/workspace/lightbeam/workspace/crypto-price-board/src/api/axiosInstance.ts","statementMap":{"0":{"start":{"line":4,"column":22},"end":{"line":6,"column":2}},"1":{"start":{"line":8,"column":0},"end":{"line":12,"column":2}},"2":{"start":{"line":9,"column":2},"end":{"line":9,"column":47}},"3":{"start":{"line":10,"column":2},"end":{"line":10,"column":53}},"4":{"start":{"line":11,"column":2},"end":{"line":11,"column":15}}},"fnMap":{"0":{"name":"(anonymous_0)","decl":{"start":{"line":8,"column":39},"end":{"line":8,"column":40}},"loc":{"start":{"line":8,"column":51},"end":{"line":12,"column":1}},"line":8}},"branchMap":{},"s":{"0":0,"1":0,"2":0,"3":0,"4":0},"f":{"0":0},"b":{}},"/Users/sahil/work/workspace/lightbeam/workspace/crypto-price-board/src/api/coins.api.ts":{"path":"/Users/sahil/work/workspace/lightbeam/workspace/crypto-price-board/src/api/coins.api.ts","statementMap":{"0":{"start":{"line":5,"column":2},"end":{"line":8,"column":6}},"1":{"start":{"line":7,"column":6},"end":{"line":7,"column":22}},"2":{"start":{"line":13,"column":2},"end":{"line":16,"column":6}},"3":{"start":{"line":15,"column":6},"end":{"line":15,"column":22}}},"fnMap":{"0":{"name":"fetchCoins","decl":{"start":{"line":4,"column":22},"end":{"line":4,"column":32}},"loc":{"start":{"line":4,"column":59},"end":{"line":9,"column":1}},"line":4},"1":{"name":"(anonymous_1)","decl":{"start":{"line":6,"column":10},"end":{"line":6,"column":11}},"loc":{"start":{"line":6,"column":24},"end":{"line":8,"column":5}},"line":6},"2":{"name":"fetchCoinDetail","decl":{"start":{"line":12,"column":22},"end":{"line":12,"column":37}},"loc":{"start":{"line":12,"column":74},"end":{"line":17,"column":1}},"line":12},"3":{"name":"(anonymous_3)","decl":{"start":{"line":14,"column":10},"end":{"line":14,"column":11}},"loc":{"start":{"line":14,"column":24},"end":{"line":16,"column":5}},"line":14}},"branchMap":{},"s":{"0":0,"1":0,"2":0,"3":0},"f":{"0":0,"1":0,"2":0,"3":0},"b":{}},"/Users/sahil/work/workspace/lightbeam/workspace/crypto-price-board/src/api/index.ts":{"path":"/Users/sahil/work/workspace/lightbeam/workspace/crypto-price-board/src/api/index.ts","statementMap":{},"fnMap":{},"branchMap":{},"s":{},"f":{},"b":{}},"/Users/sahil/work/workspace/lightbeam/workspace/crypto-price-board/src/app/hooks.ts":{"path":"/Users/sahil/work/workspace/lightbeam/workspace/crypto-price-board/src/app/hooks.ts","statementMap":{"0":{"start":{"line":5,"column":30},"end":{"line":5,"column":62}},"1":{"start":{"line":5,"column":36},"end":{"line":5,"column":62}},"2":{"start":{"line":6,"column":63},"end":{"line":6,"column":74}}},"fnMap":{"0":{"name":"(anonymous_0)","decl":{"start":{"line":5,"column":30},"end":{"line":5,"column":31}},"loc":{"start":{"line":5,"column":36},"end":{"line":5,"column":62}},"line":5}},"branchMap":{},"s":{"0":0,"1":0,"2":0},"f":{"0":0},"b":{}},"/Users/sahil/work/workspace/lightbeam/workspace/crypto-price-board/src/App.tsx":{"path":"/Users/sahil/work/workspace/lightbeam/workspace/crypto-price-board/src/App.tsx","statementMap":{"0":{"start":{"line":5,"column":20},"end":{"line":9,"column":1}},"1":{"start":{"line":12,"column":2},"end":{"line":17,"column":4}}},"fnMap":{"0":{"name":"App","decl":{"start":{"line":11,"column":9},"end":{"line":11,"column":12}},"loc":{"start":{"line":11,"column":15},"end":{"line":18,"column":1}},"line":11}},"branchMap":{},"s":{"0":0,"1":0},"f":{"0":0},"b":{}},"/Users/sahil/work/workspace/lightbeam/workspace/crypto-price-board/src/components/IconLabel/index.tsx":{"path":"/Users/sahil/work/workspace/lightbeam/workspace/crypto-price-board/src/components/IconLabel/index.tsx","statementMap":{"0":{"start":{"line":18,"column":23},"end":{"line":38,"column":1}},"1":{"start":{"line":31,"column":33},"end":{"line":31,"column":51}},"2":{"start":{"line":35,"column":33},"end":{"line":35,"column":51}},"3":{"start":{"line":40,"column":18},"end":{"line":71,"column":1}},"4":{"start":{"line":50,"column":21},"end":{"line":50,"column":53}},"5":{"start":{"line":52,"column":17},"end":{"line":52,"column":91}},"6":{"start":{"line":54,"column":2},"end":{"line":70,"column":3}},"7":{"start":{"line":56,"column":21},"end":{"line":60,"column":8}}},"fnMap":{"0":{"name":"(anonymous_0)","decl":{"start":{"line":31,"column":18},"end":{"line":31,"column":19}},"loc":{"start":{"line":31,"column":33},"end":{"line":31,"column":51}},"line":31},"1":{"name":"(anonymous_1)","decl":{"start":{"line":35,"column":18},"end":{"line":35,"column":19}},"loc":{"start":{"line":35,"column":33},"end":{"line":35,"column":51}},"line":35},"2":{"name":"(anonymous_2)","decl":{"start":{"line":40,"column":18},"end":{"line":40,"column":19}},"loc":{"start":{"line":48,"column":13},"end":{"line":71,"column":1}},"line":48},"3":{"name":"(anonymous_3)","decl":{"start":{"line":56,"column":15},"end":{"line":56,"column":16}},"loc":{"start":{"line":56,"column":21},"end":{"line":60,"column":8}},"line":56}},"branchMap":{"0":{"loc":{"start":{"line":52,"column":17},"end":{"line":52,"column":91}},"type":"cond-expr","locations":[{"start":{"line":52,"column":55},"end":{"line":52,"column":79}},{"start":{"line":52,"column":82},"end":{"line":52,"column":91}}],"line":52},"1":{"loc":{"start":{"line":52,"column":17},"end":{"line":52,"column":52}},"type":"binary-expr","locations":[{"start":{"line":52,"column":17},"end":{"line":52,"column":27}},{"start":{"line":52,"column":31},"end":{"line":52,"column":52}}],"line":52},"2":{"loc":{"start":{"line":61,"column":17},"end":{"line":61,"column":49}},"type":"cond-expr","locations":[{"start":{"line":61,"column":36},"end":{"line":61,"column":44}},{"start":{"line":61,"column":47},"end":{"line":61,"column":49}}],"line":61}},"s":{"0":0,"1":0,"2":0,"3":0,"4":0,"5":0,"6":0,"7":0},"f":{"0":0,"1":0,"2":0,"3":0},"b":{"0":[0,0],"1":[0,0],"2":[0,0]}},"/Users/sahil/work/workspace/lightbeam/workspace/crypto-price-board/src/components/Card/index.tsx":{"path":"/Users/sahil/work/workspace/lightbeam/workspace/crypto-price-board/src/components/Card/index.tsx","statementMap":{"0":{"start":{"line":19,"column":22},"end":{"line":31,"column":1}},"1":{"start":{"line":23,"column":25},"end":{"line":23,"column":50}},"2":{"start":{"line":24,"column":31},"end":{"line":24,"column":60}},"3":{"start":{"line":33,"column":18},"end":{"line":40,"column":1}},"4":{"start":{"line":39,"column":38},"end":{"line":39,"column":62}},"5":{"start":{"line":42,"column":13},"end":{"line":88,"column":1}},"6":{"start":{"line":48,"column":17},"end":{"line":48,"column":49}},"7":{"start":{"line":50,"column":26},"end":{"line":50,"column":38}},"8":{"start":{"line":52,"column":13},"end":{"line":52,"column":74}},"9":{"start":{"line":54,"column":2},"end":{"line":87,"column":3}}},"fnMap":{"0":{"name":"(anonymous_0)","decl":{"start":{"line":23,"column":16},"end":{"line":23,"column":17}},"loc":{"start":{"line":23,"column":25},"end":{"line":23,"column":50}},"line":23},"1":{"name":"(anonymous_1)","decl":{"start":{"line":24,"column":22},"end":{"line":24,"column":23}},"loc":{"start":{"line":24,"column":31},"end":{"line":24,"column":60}},"line":24},"2":{"name":"(anonymous_2)","decl":{"start":{"line":39,"column":26},"end":{"line":39,"column":27}},"loc":{"start":{"line":39,"column":38},"end":{"line":39,"column":62}},"line":39},"3":{"name":"(anonymous_3)","decl":{"start":{"line":42,"column":13},"end":{"line":42,"column":14}},"loc":{"start":{"line":46,"column":13},"end":{"line":88,"column":1}},"line":46}},"branchMap":{"0":{"loc":{"start":{"line":39,"column":38},"end":{"line":39,"column":62}},"type":"cond-expr","locations":[{"start":{"line":39,"column":43},"end":{"line":39,"column":50}},{"start":{"line":39,"column":53},"end":{"line":39,"column":62}}],"line":39},"1":{"loc":{"start":{"line":50,"column":26},"end":{"line":50,"column":38}},"type":"binary-expr","locations":[{"start":{"line":50,"column":26},"end":{"line":50,"column":32}},{"start":{"line":50,"column":36},"end":{"line":50,"column":38}}],"line":50},"2":{"loc":{"start":{"line":57,"column":19},"end":{"line":57,"column":52}},"type":"binary-expr","locations":[{"start":{"line":57,"column":19},"end":{"line":57,"column":39}},{"start":{"line":57,"column":43},"end":{"line":57,"column":52}}],"line":57}},"s":{"0":0,"1":0,"2":0,"3":0,"4":0,"5":0,"6":0,"7":0,"8":0,"9":0},"f":{"0":0,"1":0,"2":0,"3":0},"b":{"0":[0,0],"1":[0,0],"2":[0,0]}},"/Users/sahil/work/workspace/lightbeam/workspace/crypto-price-board/src/components/Input/index.tsx":{"path":"/Users/sahil/work/workspace/lightbeam/workspace/crypto-price-board/src/components/Input/index.tsx","statementMap":{"0":{"start":{"line":12,"column":19},"end":{"line":22,"column":1}},"1":{"start":{"line":24,"column":21},"end":{"line":38,"column":1}},"2":{"start":{"line":30,"column":2},"end":{"line":37,"column":3}}},"fnMap":{"0":{"name":"(anonymous_0)","decl":{"start":{"line":24,"column":21},"end":{"line":24,"column":22}},"loc":{"start":{"line":29,"column":13},"end":{"line":38,"column":1}},"line":29}},"branchMap":{"0":{"loc":{"start":{"line":25,"column":2},"end":{"line":25,"column":29}},"type":"default-arg","locations":[{"start":{"line":25,"column":16},"end":{"line":25,"column":29}}],"line":25},"1":{"loc":{"start":{"line":26,"column":2},"end":{"line":26,"column":15}},"type":"default-arg","locations":[{"start":{"line":26,"column":9},"end":{"line":26,"column":15}}],"line":26}},"s":{"0":0,"1":0,"2":0},"f":{"0":0},"b":{"0":[0],"1":[0]}},"/Users/sahil/work/workspace/lightbeam/workspace/crypto-price-board/src/components/Global/index.tsx":{"path":"/Users/sahil/work/workspace/lightbeam/workspace/crypto-price-board/src/components/Global/index.tsx","statementMap":{"0":{"start":{"line":3,"column":21},"end":{"line":6,"column":1}},"1":{"start":{"line":7,"column":23},"end":{"line":13,"column":1}},"2":{"start":{"line":14,"column":20},"end":{"line":21,"column":1}},"3":{"start":{"line":15,"column":38},"end":{"line":15,"column":65}},"4":{"start":{"line":16,"column":39},"end":{"line":16,"column":67}},"5":{"start":{"line":17,"column":39},"end":{"line":17,"column":75}},"6":{"start":{"line":19,"column":33},"end":{"line":19,"column":56}},"7":{"start":{"line":20,"column":46},"end":{"line":20,"column":82}},"8":{"start":{"line":23,"column":19},"end":{"line":26,"column":1}},"9":{"start":{"line":27,"column":22},"end":{"line":31,"column":1}}},"fnMap":{"0":{"name":"(anonymous_0)","decl":{"start":{"line":15,"column":11},"end":{"line":15,"column":12}},"loc":{"start":{"line":15,"column":38},"end":{"line":15,"column":65}},"line":15},"1":{"name":"(anonymous_1)","decl":{"start":{"line":16,"column":12},"end":{"line":16,"column":13}},"loc":{"start":{"line":16,"column":39},"end":{"line":16,"column":67}},"line":16},"2":{"name":"(anonymous_2)","decl":{"start":{"line":17,"column":12},"end":{"line":17,"column":13}},"loc":{"start":{"line":17,"column":39},"end":{"line":17,"column":75}},"line":17},"3":{"name":"(anonymous_3)","decl":{"start":{"line":19,"column":18},"end":{"line":19,"column":19}},"loc":{"start":{"line":19,"column":33},"end":{"line":19,"column":56}},"line":19},"4":{"name":"(anonymous_4)","decl":{"start":{"line":20,"column":18},"end":{"line":20,"column":19}},"loc":{"start":{"line":20,"column":46},"end":{"line":20,"column":82}},"line":20}},"branchMap":{"0":{"loc":{"start":{"line":15,"column":14},"end":{"line":15,"column":31}},"type":"default-arg","locations":[{"start":{"line":15,"column":27},"end":{"line":15,"column":31}}],"line":15},"1":{"loc":{"start":{"line":15,"column":38},"end":{"line":15,"column":65}},"type":"cond-expr","locations":[{"start":{"line":15,"column":51},"end":{"line":15,"column":57}},{"start":{"line":15,"column":60},"end":{"line":15,"column":65}}],"line":15},"2":{"loc":{"start":{"line":16,"column":15},"end":{"line":16,"column":32}},"type":"default-arg","locations":[{"start":{"line":16,"column":28},"end":{"line":16,"column":32}}],"line":16},"3":{"loc":{"start":{"line":16,"column":39},"end":{"line":16,"column":67}},"type":"cond-expr","locations":[{"start":{"line":16,"column":53},"end":{"line":16,"column":59}},{"start":{"line":16,"column":62},"end":{"line":16,"column":67}}],"line":16},"4":{"loc":{"start":{"line":17,"column":15},"end":{"line":17,"column":32}},"type":"default-arg","locations":[{"start":{"line":17,"column":28},"end":{"line":17,"column":32}}],"line":17},"5":{"loc":{"start":{"line":17,"column":39},"end":{"line":17,"column":75}},"type":"cond-expr","locations":[{"start":{"line":17,"column":52},"end":{"line":17,"column":62}},{"start":{"line":17,"column":65},"end":{"line":17,"column":75}}],"line":17},"6":{"loc":{"start":{"line":20,"column":21},"end":{"line":20,"column":38}},"type":"default-arg","locations":[{"start":{"line":20,"column":34},"end":{"line":20,"column":38}}],"line":20},"7":{"loc":{"start":{"line":20,"column":46},"end":{"line":20,"column":82}},"type":"cond-expr","locations":[{"start":{"line":20,"column":58},"end":{"line":20,"column":69}},{"start":{"line":20,"column":71},"end":{"line":20,"column":82}}],"line":20}},"s":{"0":0,"1":0,"2":0,"3":0,"4":0,"5":0,"6":0,"7":0,"8":0,"9":0},"f":{"0":0,"1":0,"2":0,"3":0,"4":0},"b":{"0":[0],"1":[0,0],"2":[0],"3":[0,0],"4":[0],"5":[0,0],"6":[0],"7":[0,0]}},"/Users/sahil/work/workspace/lightbeam/workspace/crypto-price-board/src/theme/index.tsx":{"path":"/Users/sahil/work/workspace/lightbeam/workspace/crypto-price-board/src/theme/index.tsx","statementMap":{"0":{"start":{"line":9,"column":31},"end":{"line":16,"column":1}},"1":{"start":{"line":13,"column":2},"end":{"line":15,"column":3}}},"fnMap":{"0":{"name":"(anonymous_0)","decl":{"start":{"line":9,"column":31},"end":{"line":9,"column":32}},"loc":{"start":{"line":11,"column":13},"end":{"line":16,"column":1}},"line":11}},"branchMap":{},"s":{"0":0,"1":0},"f":{"0":0},"b":{}},"/Users/sahil/work/workspace/lightbeam/workspace/crypto-price-board/src/components/Icon/index.tsx":{"path":"/Users/sahil/work/workspace/lightbeam/workspace/crypto-price-board/src/components/Icon/index.tsx","statementMap":{"0":{"start":{"line":8,"column":18},"end":{"line":21,"column":1}},"1":{"start":{"line":23,"column":20},"end":{"line":29,"column":1}},"2":{"start":{"line":24,"column":2},"end":{"line":28,"column":3}}},"fnMap":{"0":{"name":"(anonymous_0)","decl":{"start":{"line":23,"column":20},"end":{"line":23,"column":21}},"loc":{"start":{"line":23,"column":40},"end":{"line":29,"column":1}},"line":23}},"branchMap":{},"s":{"0":0,"1":0,"2":0},"f":{"0":0},"b":{}},"/Users/sahil/work/workspace/lightbeam/workspace/crypto-price-board/src/components/Text/index.tsx":{"path":"/Users/sahil/work/workspace/lightbeam/workspace/crypto-price-board/src/components/Text/index.tsx","statementMap":{"0":{"start":{"line":3,"column":20},"end":{"line":11,"column":1}},"1":{"start":{"line":9,"column":45},"end":{"line":9,"column":64}},"2":{"start":{"line":10,"column":39},"end":{"line":10,"column":71}},"3":{"start":{"line":12,"column":23},"end":{"line":15,"column":1}},"4":{"start":{"line":17,"column":26},"end":{"line":20,"column":3}},"5":{"start":{"line":18,"column":33},"end":{"line":18,"column":46}},"6":{"start":{"line":21,"column":23},"end":{"line":24,"column":1}},"7":{"start":{"line":22,"column":33},"end":{"line":22,"column":46}},"8":{"start":{"line":25,"column":24},"end":{"line":30,"column":1}},"9":{"start":{"line":29,"column":45},"end":{"line":29,"column":64}},"10":{"start":{"line":31,"column":21},"end":{"line":37,"column":1}},"11":{"start":{"line":32,"column":45},"end":{"line":32,"column":64}},"12":{"start":{"line":33,"column":39},"end":{"line":33,"column":45}},"13":{"start":{"line":36,"column":39},"end":{"line":36,"column":71}}},"fnMap":{"0":{"name":"(anonymous_0)","decl":{"start":{"line":9,"column":11},"end":{"line":9,"column":12}},"loc":{"start":{"line":9,"column":45},"end":{"line":9,"column":64}},"line":9},"1":{"name":"(anonymous_1)","decl":{"start":{"line":10,"column":20},"end":{"line":10,"column":21}},"loc":{"start":{"line":10,"column":39},"end":{"line":10,"column":71}},"line":10},"2":{"name":"(anonymous_2)","decl":{"start":{"line":18,"column":17},"end":{"line":18,"column":18}},"loc":{"start":{"line":18,"column":33},"end":{"line":18,"column":46}},"line":18},"3":{"name":"(anonymous_3)","decl":{"start":{"line":22,"column":17},"end":{"line":22,"column":18}},"loc":{"start":{"line":22,"column":33},"end":{"line":22,"column":46}},"line":22},"4":{"name":"(anonymous_4)","decl":{"start":{"line":29,"column":11},"end":{"line":29,"column":12}},"loc":{"start":{"line":29,"column":45},"end":{"line":29,"column":64}},"line":29},"5":{"name":"(anonymous_5)","decl":{"start":{"line":32,"column":11},"end":{"line":32,"column":12}},"loc":{"start":{"line":32,"column":45},"end":{"line":32,"column":64}},"line":32},"6":{"name":"(anonymous_6)","decl":{"start":{"line":33,"column":17},"end":{"line":33,"column":18}},"loc":{"start":{"line":33,"column":39},"end":{"line":33,"column":45}},"line":33},"7":{"name":"(anonymous_7)","decl":{"start":{"line":36,"column":20},"end":{"line":36,"column":21}},"loc":{"start":{"line":36,"column":39},"end":{"line":36,"column":71}},"line":36}},"branchMap":{"0":{"loc":{"start":{"line":9,"column":21},"end":{"line":9,"column":38}},"type":"default-arg","locations":[{"start":{"line":9,"column":29},"end":{"line":9,"column":38}}],"line":9},"1":{"loc":{"start":{"line":10,"column":39},"end":{"line":10,"column":71}},"type":"cond-expr","locations":[{"start":{"line":10,"column":51},"end":{"line":10,"column":62}},{"start":{"line":10,"column":65},"end":{"line":10,"column":71}}],"line":10},"2":{"loc":{"start":{"line":18,"column":33},"end":{"line":18,"column":46}},"type":"binary-expr","locations":[{"start":{"line":18,"column":33},"end":{"line":18,"column":39}},{"start":{"line":18,"column":43},"end":{"line":18,"column":46}}],"line":18},"3":{"loc":{"start":{"line":22,"column":33},"end":{"line":22,"column":46}},"type":"binary-expr","locations":[{"start":{"line":22,"column":33},"end":{"line":22,"column":39}},{"start":{"line":22,"column":43},"end":{"line":22,"column":46}}],"line":22},"4":{"loc":{"start":{"line":29,"column":21},"end":{"line":29,"column":38}},"type":"default-arg","locations":[{"start":{"line":29,"column":29},"end":{"line":29,"column":38}}],"line":29},"5":{"loc":{"start":{"line":32,"column":21},"end":{"line":32,"column":38}},"type":"default-arg","locations":[{"start":{"line":32,"column":29},"end":{"line":32,"column":38}}],"line":32},"6":{"loc":{"start":{"line":33,"column":20},"end":{"line":33,"column":32}},"type":"default-arg","locations":[{"start":{"line":33,"column":29},"end":{"line":33,"column":32}}],"line":33},"7":{"loc":{"start":{"line":36,"column":39},"end":{"line":36,"column":71}},"type":"cond-expr","locations":[{"start":{"line":36,"column":51},"end":{"line":36,"column":62}},{"start":{"line":36,"column":65},"end":{"line":36,"column":71}}],"line":36}},"s":{"0":0,"1":0,"2":0,"3":0,"4":0,"5":0,"6":0,"7":0,"8":0,"9":0,"10":0,"11":0,"12":0,"13":0},"f":{"0":0,"1":0,"2":0,"3":0,"4":0,"5":0,"6":0,"7":0},"b":{"0":[0],"1":[0,0],"2":[0,0],"3":[0,0],"4":[0],"5":[0],"6":[0],"7":[0,0]}},"/Users/sahil/work/workspace/lightbeam/workspace/crypto-price-board/src/containers/dashboard/sidebar/index.tsx":{"path":"/Users/sahil/work/workspace/lightbeam/workspace/crypto-price-board/src/containers/dashboard/sidebar/index.tsx","statementMap":{"0":{"start":{"line":14,"column":21},"end":{"line":17,"column":1}},"1":{"start":{"line":15,"column":37},"end":{"line":15,"column":63}},"2":{"start":{"line":18,"column":22},"end":{"line":25,"column":1}},"3":{"start":{"line":26,"column":23},"end":{"line":37,"column":1}},"4":{"start":{"line":39,"column":16},"end":{"line":100,"column":1}},"5":{"start":{"line":43,"column":17},"end":{"line":43,"column":47}},"6":{"start":{"line":44,"column":19},"end":{"line":44,"column":35}},"7":{"start":{"line":46,"column":38},"end":{"line":46,"column":50}},"8":{"start":{"line":48,"column":2},"end":{"line":50,"column":3}},"9":{"start":{"line":49,"column":4},"end":{"line":49,"column":109}},"10":{"start":{"line":49,"column":53},"end":{"line":49,"column":108}},"11":{"start":{"line":52,"column":23},"end":{"line":54,"column":3}},"12":{"start":{"line":53,"column":4},"end":{"line":53,"column":34}},"13":{"start":{"line":56,"column":28},"end":{"line":58,"column":8}},"14":{"start":{"line":57,"column":4},"end":{"line":57,"column":38}},"15":{"start":{"line":60,"column":2},"end":{"line":64,"column":5}},"16":{"start":{"line":61,"column":4},"end":{"line":63,"column":6}},"17":{"start":{"line":62,"column":6},"end":{"line":62,"column":33}},"18":{"start":{"line":66,"column":23},"end":{"line":69,"column":3}},"19":{"start":{"line":67,"column":4},"end":{"line":67,"column":30}},"20":{"start":{"line":68,"column":4},"end":{"line":68,"column":49}},"21":{"start":{"line":71,"column":2},"end":{"line":99,"column":3}},"22":{"start":{"line":84,"column":12},"end":{"line":94,"column":29}}},"fnMap":{"0":{"name":"(anonymous_0)","decl":{"start":{"line":15,"column":28},"end":{"line":15,"column":29}},"loc":{"start":{"line":15,"column":37},"end":{"line":15,"column":63}},"line":15},"1":{"name":"(anonymous_1)","decl":{"start":{"line":39,"column":16},"end":{"line":39,"column":17}},"loc":{"start":{"line":41,"column":13},"end":{"line":100,"column":1}},"line":41},"2":{"name":"(anonymous_2)","decl":{"start":{"line":49,"column":31},"end":{"line":49,"column":32}},"loc":{"start":{"line":49,"column":53},"end":{"line":49,"column":108}},"line":49},"3":{"name":"(anonymous_3)","decl":{"start":{"line":52,"column":23},"end":{"line":52,"column":24}},"loc":{"start":{"line":52,"column":67},"end":{"line":54,"column":3}},"line":52},"4":{"name":"(anonymous_4)","decl":{"start":{"line":56,"column":36},"end":{"line":56,"column":37}},"loc":{"start":{"line":56,"column":42},"end":{"line":58,"column":3}},"line":56},"5":{"name":"(anonymous_5)","decl":{"start":{"line":60,"column":12},"end":{"line":60,"column":13}},"loc":{"start":{"line":60,"column":18},"end":{"line":64,"column":3}},"line":60},"6":{"name":"(anonymous_6)","decl":{"start":{"line":61,"column":11},"end":{"line":61,"column":12}},"loc":{"start":{"line":61,"column":17},"end":{"line":63,"column":5}},"line":61},"7":{"name":"(anonymous_7)","decl":{"start":{"line":66,"column":23},"end":{"line":66,"column":24}},"loc":{"start":{"line":66,"column":44},"end":{"line":69,"column":3}},"line":66},"8":{"name":"(anonymous_8)","decl":{"start":{"line":83,"column":32},"end":{"line":83,"column":33}},"loc":{"start":{"line":84,"column":12},"end":{"line":94,"column":29}},"line":84}},"branchMap":{"0":{"loc":{"start":{"line":48,"column":2},"end":{"line":50,"column":3}},"type":"if","locations":[{"start":{"line":48,"column":2},"end":{"line":50,"column":3}},{"start":{},"end":{}}],"line":48},"1":{"loc":{"start":{"line":83,"column":12},"end":{"line":83,"column":26}},"type":"binary-expr","locations":[{"start":{"line":83,"column":12},"end":{"line":83,"column":20}},{"start":{"line":83,"column":24},"end":{"line":83,"column":26}}],"line":83}},"s":{"0":0,"1":0,"2":0,"3":0,"4":0,"5":0,"6":0,"7":0,"8":0,"9":0,"10":0,"11":0,"12":0,"13":0,"14":0,"15":0,"16":0,"17":0,"18":0,"19":0,"20":0,"21":0,"22":0},"f":{"0":0,"1":0,"2":0,"3":0,"4":0,"5":0,"6":0,"7":0,"8":0},"b":{"0":[0,0],"1":[0,0]}},"/Users/sahil/work/workspace/lightbeam/workspace/crypto-price-board/src/containers/dashboard/index.tsx":{"path":"/Users/sahil/work/workspace/lightbeam/workspace/crypto-price-board/src/containers/dashboard/index.tsx","statementMap":{"0":{"start":{"line":11,"column":13},"end":{"line":17,"column":1}},"1":{"start":{"line":14,"column":25},"end":{"line":14,"column":49}},"2":{"start":{"line":15,"column":20},"end":{"line":15,"column":46}},"3":{"start":{"line":19,"column":20},"end":{"line":23,"column":1}},"4":{"start":{"line":25,"column":19},"end":{"line":32,"column":1}},"5":{"start":{"line":34,"column":18},"end":{"line":48,"column":1}},"6":{"start":{"line":50,"column":28},"end":{"line":81,"column":1}},"7":{"start":{"line":51,"column":19},"end":{"line":51,"column":35}},"8":{"start":{"line":53,"column":34},"end":{"line":53,"column":66}},"9":{"start":{"line":55,"column":2},"end":{"line":57,"column":16}},"10":{"start":{"line":56,"column":4},"end":{"line":56,"column":32}},"11":{"start":{"line":59,"column":2},"end":{"line":80,"column":3}},"12":{"start":{"line":69,"column":14},"end":{"line":74,"column":22}}},"fnMap":{"0":{"name":"(anonymous_0)","decl":{"start":{"line":14,"column":16},"end":{"line":14,"column":17}},"loc":{"start":{"line":14,"column":25},"end":{"line":14,"column":49}},"line":14},"1":{"name":"(anonymous_1)","decl":{"start":{"line":15,"column":11},"end":{"line":15,"column":12}},"loc":{"start":{"line":15,"column":20},"end":{"line":15,"column":46}},"line":15},"2":{"name":"(anonymous_2)","decl":{"start":{"line":50,"column":28},"end":{"line":50,"column":29}},"loc":{"start":{"line":50,"column":34},"end":{"line":81,"column":1}},"line":50},"3":{"name":"(anonymous_3)","decl":{"start":{"line":55,"column":12},"end":{"line":55,"column":13}},"loc":{"start":{"line":55,"column":18},"end":{"line":57,"column":3}},"line":55},"4":{"name":"(anonymous_4)","decl":{"start":{"line":68,"column":43},"end":{"line":68,"column":44}},"loc":{"start":{"line":69,"column":14},"end":{"line":74,"column":22}},"line":69}},"branchMap":{"0":{"loc":{"start":{"line":68,"column":12},"end":{"line":75,"column":14}},"type":"binary-expr","locations":[{"start":{"line":68,"column":12},"end":{"line":68,"column":22}},{"start":{"line":68,"column":26},"end":{"line":75,"column":14}}],"line":68}},"s":{"0":0,"1":0,"2":0,"3":0,"4":0,"5":0,"6":0,"7":0,"8":0,"9":0,"10":0,"11":0,"12":0},"f":{"0":0,"1":0,"2":0,"3":0,"4":0},"b":{"0":[0,0]}},"/Users/sahil/work/workspace/lightbeam/workspace/crypto-price-board/src/app/store.ts":{"path":"/Users/sahil/work/workspace/lightbeam/workspace/crypto-price-board/src/app/store.ts","statementMap":{"0":{"start":{"line":4,"column":21},"end":{"line":8,"column":2}}},"fnMap":{},"branchMap":{},"s":{"0":0},"f":{},"b":{}}}}